# JRE version: Java(TM) SE Runtime Environment (8.0_11-b12) (build 1.8.0_11-b12)
# Java VM: Java HotSpot(TM) 64-Bit Server VM (25.11-b03 mixed mode windows-amd64 compressed oops)
Heap:
 PSYoungGen      total 66048K, used 59253K [0x00000000e0980000, 0x00000000eb780000, 0x0000000100000000)
  eden space 65536K, 90% used [0x00000000e0980000,0x00000000e43556d8,0x00000000e4980000)
  from space 512K, 6% used [0x00000000eb700000,0x00000000eb708000,0x00000000eb780000)
  to   space 512K, 0% used [0x00000000eb680000,0x00000000eb680000,0x00000000eb700000)
 ParOldGen       total 96768K, used 2491K [0x00000000a1c00000, 0x00000000a7a80000, 0x00000000e0980000)
  object space 96768K, 2% used [0x00000000a1c00000,0x00000000a1e6ed18,0x00000000a7a80000)
 Metaspace       used 11041K, capacity 11264K, committed 11392K, reserved 1058816K
  class space    used 1323K, capacity 1379K, committed 1408K, reserved 1048576K
GC Heap History (10 events):
Event: 25.585 GC heap before
{Heap before GC invocations=332 (full 0):
 PSYoungGen      total 83968K, used 83456K [0x00000000e0980000, 0x00000000eb780000, 0x0000000100000000)
  eden space 83456K, 100% used [0x00000000e0980000,0x00000000e5b00000,0x00000000e5b00000)
  from space 512K, 0% used [0x00000000eb680000,0x00000000eb680000,0x00000000eb700000)
  to   space 512K, 0% used [0x00000000eb700000,0x00000000eb700000,0x00000000eb780000)
 ParOldGen       total 96768K, used 2491K [0x00000000a1c00000, 0x00000000a7a80000, 0x00000000e0980000)
  object space 96768K, 2% used [0x00000000a1c00000,0x00000000a1e6ed18,0x00000000a7a80000)
 Metaspace       used 11040K, capacity 11264K, committed 11392K, reserved 1058816K
  class space    used 1323K, capacity 1379K, committed 1408K, reserved 1048576K
Event: 25.586 GC heap after
Heap after GC invocations=332 (full 0):
 PSYoungGen      total 79872K, used 32K [0x00000000e0980000, 0x00000000eb780000, 0x0000000100000000)
  eden space 79360K, 0% used [0x00000000e0980000,0x00000000e0980000,0x00000000e5700000)
  from space 512K, 6% used [0x00000000eb700000,0x00000000eb708000,0x00000000eb780000)
  to   space 512K, 0% used [0x00000000eb680000,0x00000000eb680000,0x00000000eb700000)
 ParOldGen       total 96768K, used 2491K [0x00000000a1c00000, 0x00000000a7a80000, 0x00000000e0980000)
  object space 96768K, 2% used [0x00000000a1c00000,0x00000000a1e6ed18,0x00000000a7a80000)
 Metaspace       used 11040K, capacity 11264K, committed 11392K, reserved 1058816K
  class space    used 1323K, capacity 1379K, committed 1408K, reserved 1048576K
}
Event: 25.655 GC heap before
{Heap before GC invocations=333 (full 0):
 PSYoungGen      total 79872K, used 79392K [0x00000000e0980000, 0x00000000eb780000, 0x0000000100000000)
  eden space 79360K, 100% used [0x00000000e0980000,0x00000000e5700000,0x00000000e5700000)
  from space 512K, 6% used [0x00000000eb700000,0x00000000eb708000,0x00000000eb780000)
  to   space 512K, 0% used [0x00000000eb680000,0x00000000eb680000,0x00000000eb700000)
 ParOldGen       total 96768K, used 2491K [0x00000000a1c00000, 0x00000000a7a80000, 0x00000000e0980000)
  object space 96768K, 2% used [0x00000000a1c00000,0x00000000a1e6ed18,0x00000000a7a80000)
 Metaspace       used 11040K, capacity 11264K, committed 11392K, reserved 1058816K
  class space    used 1323K, capacity 1379K, committed 1408K, reserved 1048576K
Event: 25.656 GC heap after
Heap after GC invocations=333 (full 0):
 PSYoungGen      total 76288K, used 0K [0x00000000e0980000, 0x00000000eb780000, 0x0000000100000000)
  eden space 75776K, 0% used [0x00000000e0980000,0x00000000e0980000,0x00000000e5380000)
  from space 512K, 0% used [0x00000000eb680000,0x00000000eb680000,0x00000000eb700000)
  to   space 512K, 0% used [0x00000000eb700000,0x00000000eb700000,0x00000000eb780000)
 ParOldGen       total 96768K, used 2491K [0x00000000a1c00000, 0x00000000a7a80000, 0x00000000e0980000)
  object space 96768K, 2% used [0x00000000a1c00000,0x00000000a1e6ed18,0x00000000a7a80000)
 Metaspace       used 11040K, capacity 11264K, committed 11392K, reserved 1058816K
  class space    used 1323K, capacity 1379K, committed 1408K, reserved 1048576K
}
Event: 25.721 GC heap before
{Heap before GC invocations=334 (full 0):
 PSYoungGen      total 76288K, used 75776K [0x00000000e0980000, 0x00000000eb780000, 0x0000000100000000)
  eden space 75776K, 100% used [0x00000000e0980000,0x00000000e5380000,0x00000000e5380000)
  from space 512K, 0% used [0x00000000eb680000,0x00000000eb680000,0x00000000eb700000)
  to   space 512K, 0% used [0x00000000eb700000,0x00000000eb700000,0x00000000eb780000)
 ParOldGen       total 96768K, used 2491K [0x00000000a1c00000, 0x00000000a7a80000, 0x00000000e0980000)
  object space 96768K, 2% used [0x00000000a1c00000,0x00000000a1e6ed18,0x00000000a7a80000)
 Metaspace       used 11040K, capacity 11264K, committed 11392K, reserved 1058816K
  class space    used 1323K, capacity 1379K, committed 1408K, reserved 1048576K
Event: 25.722 GC heap after
Heap after GC invocations=334 (full 0):
 PSYoungGen      total 72704K, used 32K [0x00000000e0980000, 0x00000000eb780000, 0x0000000100000000)
  eden space 72192K, 0% used [0x00000000e0980000,0x00000000e0980000,0x00000000e5000000)
  from space 512K, 6% used [0x00000000eb700000,0x00000000eb708000,0x00000000eb780000)
  to   space 512K, 0% used [0x00000000eb680000,0x00000000eb680000,0x00000000eb700000)
 ParOldGen       total 96768K, used 2491K [0x00000000a1c00000, 0x00000000a7a80000, 0x00000000e0980000)
  object space 96768K, 2% used [0x00000000a1c00000,0x00000000a1e6ed18,0x00000000a7a80000)
 Metaspace       used 11040K, capacity 11264K, committed 11392K, reserved 1058816K
  class space    used 1323K, capacity 1379K, committed 1408K, reserved 1048576K
}
Event: 25.787 GC heap before
{Heap before GC invocations=335 (full 0):
 PSYoungGen      total 72704K, used 72224K [0x00000000e0980000, 0x00000000eb780000, 0x0000000100000000)
  eden space 72192K, 100% used [0x00000000e0980000,0x00000000e5000000,0x00000000e5000000)
  from space 512K, 6% used [0x00000000eb700000,0x00000000eb708000,0x00000000eb780000)
  to   space 512K, 0% used [0x00000000eb680000,0x00000000eb680000,0x00000000eb700000)
 ParOldGen       total 96768K, used 2491K [0x00000000a1c00000, 0x00000000a7a80000, 0x00000000e0980000)
  object space 96768K, 2% used [0x00000000a1c00000,0x00000000a1e6ed18,0x00000000a7a80000)
 Metaspace       used 11040K, capacity 11264K, committed 11392K, reserved 1058816K
  class space    used 1323K, capacity 1379K, committed 1408K, reserved 1048576K
Event: 25.788 GC heap after
Heap after GC invocations=335 (full 0):
 PSYoungGen      total 69120K, used 32K [0x00000000e0980000, 0x00000000eb780000, 0x0000000100000000)
  eden space 68608K, 0% used [0x00000000e0980000,0x00000000e0980000,0x00000000e4c80000)
  from space 512K, 6% used [0x00000000eb680000,0x00000000eb688000,0x00000000eb700000)
  to   space 512K, 0% used [0x00000000eb700000,0x00000000eb700000,0x00000000eb780000)
 ParOldGen       total 96768K, used 2491K [0x00000000a1c00000, 0x00000000a7a80000, 0x00000000e0980000)
  object space 96768K, 2% used [0x00000000a1c00000,0x00000000a1e6ed18,0x00000000a7a80000)
 Metaspace       used 11040K, capacity 11264K, committed 11392K, reserved 1058816K
  class space    used 1323K, capacity 1379K, committed 1408K, reserved 1048576K
}
Event: 25.843 GC heap before
{Heap before GC invocations=336 (full 0):
 PSYoungGen      total 69120K, used 68640K [0x00000000e0980000, 0x00000000eb780000, 0x0000000100000000)
  eden space 68608K, 100% used [0x00000000e0980000,0x00000000e4c80000,0x00000000e4c80000)
  from space 512K, 6% used [0x00000000eb680000,0x00000000eb688000,0x00000000eb700000)
  to   space 512K, 0% used [0x00000000eb700000,0x00000000eb700000,0x00000000eb780000)
 ParOldGen       total 96768K, used 2491K [0x00000000a1c00000, 0x00000000a7a80000, 0x00000000e0980000)
  object space 96768K, 2% used [0x00000000a1c00000,0x00000000a1e6ed18,0x00000000a7a80000)
 Metaspace       used 11040K, capacity 11264K, committed 11392K, reserved 1058816K
  class space    used 1323K, capacity 1379K, committed 1408K, reserved 1048576K
Event: 25.844 GC heap after
Heap after GC invocations=336 (full 0):
 PSYoungGen      total 66048K, used 32K [0x00000000e0980000, 0x00000000eb780000, 0x0000000100000000)
  eden space 65536K, 0% used [0x00000000e0980000,0x00000000e0980000,0x00000000e4980000)
  from space 512K, 6% used [0x00000000eb700000,0x00000000eb708000,0x00000000eb780000)
  to   space 512K, 0% used [0x00000000eb680000,0x00000000eb680000,0x00000000eb700000)
 ParOldGen       total 96768K, used 2491K [0x00000000a1c00000, 0x00000000a7a80000, 0x00000000e0980000)
  object space 96768K, 2% used [0x00000000a1c00000,0x00000000a1e6ed18,0x00000000a7a80000)
 Metaspace       used 11040K, capacity 11264K, committed 11392K, reserved 1058816K
  class space    used 1323K, capacity 1379K, committed 1408K, reserved 1048576K
}

